elyano@elyano:~$ rosparam list
/amcl/base_frame_id
/amcl/beam_skip_distance
/amcl/beam_skip_threshold
/amcl/do_beamskip
/amcl/first_map_only
/amcl/global_frame_id
/amcl/gui_publish_rate
/amcl/initial_cov_aa
/amcl/initial_cov_xx
/amcl/initial_cov_yy
/amcl/initial_pose_a
/amcl/initial_pose_x
/amcl/initial_pose_y
/amcl/kld_err
/amcl/kld_z
/amcl/laser_lambda_short
/amcl/laser_likelihood_max_dist
/amcl/laser_max_beams
/amcl/laser_max_range
/amcl/laser_min_range
/amcl/laser_model_type
/amcl/laser_sigma_hit
/amcl/laser_z_hit
/amcl/laser_z_max
/amcl/laser_z_rand
/amcl/laser_z_short
/amcl/max_particles
/amcl/min_particles
/amcl/odom_alpha1
/amcl/odom_alpha2
/amcl/odom_alpha3
/amcl/odom_alpha4
/amcl/odom_alpha5
/amcl/odom_frame_id
/amcl/odom_model_type
/amcl/recovery_alpha_fast
/amcl/recovery_alpha_slow
/amcl/resample_interval
/amcl/restore_defaults
/amcl/save_pose_rate
/amcl/tf_broadcast
/amcl/transform_tolerance
/amcl/update_min_a
/amcl/update_min_d
/amcl/use_map_topic
/bin_1_description
/break_beam_description
/camera/imager_rate
/camera/rgb/image_raw/compressed/format
/camera/rgb/image_raw/compressed/jpeg_quality
/camera/rgb/image_raw/compressed/png_level
/camera/rgb/image_raw/compressedDepth/depth_max
/camera/rgb/image_raw/compressedDepth/depth_quantization
/camera/rgb/image_raw/compressedDepth/png_level
/camera/rgb/image_raw/theora/keyframe_frequency
/camera/rgb/image_raw/theora/optimize_for
/camera/rgb/image_raw/theora/quality
/camera/rgb/image_raw/theora/target_bitrate
/cmd_vel_mux/yaml_cfg_data
/cmd_vel_mux/yaml_cfg_file
/controller_list
/conveyor_spawner/spawner/objects
/conveyor_spawner/spawner/randomization_seed
/conveyor_spawner/spawner/reference_frame
/conveyor_spawner/spawner/spawn_period
/depthimage_to_laserscan/output_frame_id
/depthimage_to_laserscan/range_max
/depthimage_to_laserscan/range_min
/depthimage_to_laserscan/scan_height
/depthimage_to_laserscan/scan_time
/gazebo/auto_disable_bodies
/gazebo/cfm
/gazebo/contact_max_correcting_vel
/gazebo/contact_surface_layer
/gazebo/erp
/gazebo/gravity_x
/gazebo/gravity_y
/gazebo/gravity_z
/gazebo/max_contacts
/gazebo/max_update_rate
/gazebo/sor_pgs_iters
/gazebo/sor_pgs_precon_iters
/gazebo/sor_pgs_rms_error_tol
/gazebo/sor_pgs_w
/gazebo/time_step
/gazebo_gui/auto_disable_bodies
/gazebo_gui/cfm
/gazebo_gui/contact_max_correcting_vel
/gazebo_gui/contact_surface_layer
/gazebo_gui/erp
/gazebo_gui/gravity_x
/gazebo_gui/gravity_y
/gazebo_gui/gravity_z
/gazebo_gui/max_contacts
/gazebo_gui/max_update_rate
/gazebo_gui/sor_pgs_iters
/gazebo_gui/sor_pgs_precon_iters
/gazebo_gui/sor_pgs_rms_error_tol
/gazebo_gui/sor_pgs_w
/gazebo_gui/time_step
/joint_state_publisher/source_list
/logical_camera1_description
/move_base/DWAPlannerROS/acc_lim_theta
/move_base/DWAPlannerROS/acc_lim_x
/move_base/DWAPlannerROS/acc_lim_y
/move_base/DWAPlannerROS/acc_limit_trans
/move_base/DWAPlannerROS/angular_sim_granularity
/move_base/DWAPlannerROS/forward_point_distance
/move_base/DWAPlannerROS/global_frame_id
/move_base/DWAPlannerROS/goal_distance_bias
/move_base/DWAPlannerROS/max_rot_vel
/move_base/DWAPlannerROS/max_scaling_factor
/move_base/DWAPlannerROS/max_trans_vel
/move_base/DWAPlannerROS/max_vel_x
/move_base/DWAPlannerROS/max_vel_y
/move_base/DWAPlannerROS/min_rot_vel
/move_base/DWAPlannerROS/min_trans_vel
/move_base/DWAPlannerROS/min_vel_x
/move_base/DWAPlannerROS/min_vel_y
/move_base/DWAPlannerROS/occdist_scale
/move_base/DWAPlannerROS/oscillation_reset_angle
/move_base/DWAPlannerROS/oscillation_reset_dist
/move_base/DWAPlannerROS/path_distance_bias
/move_base/DWAPlannerROS/prune_plan
/move_base/DWAPlannerROS/publish_cost_grid_pc
/move_base/DWAPlannerROS/publish_traj_pc
/move_base/DWAPlannerROS/restore_defaults
/move_base/DWAPlannerROS/rot_stopped_vel
/move_base/DWAPlannerROS/scaling_speed
/move_base/DWAPlannerROS/sim_granularity
/move_base/DWAPlannerROS/sim_time
/move_base/DWAPlannerROS/stop_time_buffer
/move_base/DWAPlannerROS/trans_stopped_vel
/move_base/DWAPlannerROS/twirling_scale
/move_base/DWAPlannerROS/use_dwa
/move_base/DWAPlannerROS/vth_samples
/move_base/DWAPlannerROS/vtheta_samples
/move_base/DWAPlannerROS/vx_samples
/move_base/DWAPlannerROS/vy_samples
/move_base/DWAPlannerROS/xy_goal_tolerance
/move_base/DWAPlannerROS/yaw_goal_tolerance
/move_base/GlobalPlanner/allow_unknown
/move_base/GlobalPlanner/cost_factor
/move_base/GlobalPlanner/default_tolerance
/move_base/GlobalPlanner/lethal_cost
/move_base/GlobalPlanner/neutral_cost
/move_base/GlobalPlanner/old_navfn_behavior
/move_base/GlobalPlanner/planner_costmap_publish_frequency
/move_base/GlobalPlanner/planner_window_x
/move_base/GlobalPlanner/planner_window_y
/move_base/GlobalPlanner/publish_potential
/move_base/GlobalPlanner/publish_scale
/move_base/GlobalPlanner/use_dijkstra
/move_base/GlobalPlanner/use_grid_path
/move_base/GlobalPlanner/use_quadratic
/move_base/NavfnROS/allow_unknown
/move_base/NavfnROS/default_tolerance
/move_base/NavfnROS/planner_window_x
/move_base/NavfnROS/planner_window_y
/move_base/NavfnROS/visualize_potential
/move_base/aggressive_reset/reset_distance
/move_base/base_global_planner
/move_base/base_local_planner
/move_base/clearing_rotation_allowed
/move_base/conservative_reset/reset_distance
/move_base/conservative_reset_dist
/move_base/controller_frequency
/move_base/controller_patience
/move_base/global_costmap/footprint
/move_base/global_costmap/footprint_padding
/move_base/global_costmap/global_frame
/move_base/global_costmap/height
/move_base/global_costmap/inflation_layer/cost_scaling_factor
/move_base/global_costmap/inflation_layer/enabled
/move_base/global_costmap/inflation_layer/inflate_unknown
/move_base/global_costmap/inflation_layer/inflation_radius
/move_base/global_costmap/map_type
/move_base/global_costmap/max_obstacle_height
/move_base/global_costmap/obstacle_layer/bump/clearing
/move_base/global_costmap/obstacle_layer/bump/data_type
/move_base/global_costmap/obstacle_layer/bump/marking
/move_base/global_costmap/obstacle_layer/bump/max_obstacle_height
/move_base/global_costmap/obstacle_layer/bump/min_obstacle_height
/move_base/global_costmap/obstacle_layer/bump/topic
/move_base/global_costmap/obstacle_layer/combination_method
/move_base/global_costmap/obstacle_layer/enabled
/move_base/global_costmap/obstacle_layer/footprint_clearing_enabled
/move_base/global_costmap/obstacle_layer/mark_threshold
/move_base/global_costmap/obstacle_layer/max_obstacle_height
/move_base/global_costmap/obstacle_layer/observation_sources
/move_base/global_costmap/obstacle_layer/obstacle_range
/move_base/global_costmap/obstacle_layer/origin_z
/move_base/global_costmap/obstacle_layer/publish_voxel_map
/move_base/global_costmap/obstacle_layer/raytrace_range
/move_base/global_costmap/obstacle_layer/scan/clearing
/move_base/global_costmap/obstacle_layer/scan/data_type
/move_base/global_costmap/obstacle_layer/scan/marking
/move_base/global_costmap/obstacle_layer/scan/max_obstacle_height
/move_base/global_costmap/obstacle_layer/scan/min_obstacle_height
/move_base/global_costmap/obstacle_layer/scan/topic
/move_base/global_costmap/obstacle_layer/track_unknown_space
/move_base/global_costmap/obstacle_layer/unknown_threshold
/move_base/global_costmap/obstacle_layer/z_resolution
/move_base/global_costmap/obstacle_layer/z_voxels
/move_base/global_costmap/origin_x
/move_base/global_costmap/origin_y
/move_base/global_costmap/plugins
/move_base/global_costmap/publish_frequency
/move_base/global_costmap/resolution
/move_base/global_costmap/robot_base_frame
/move_base/global_costmap/robot_radius
/move_base/global_costmap/static_layer/enabled
/move_base/global_costmap/static_map
/move_base/global_costmap/transform_tolerance
/move_base/global_costmap/update_frequency
/move_base/global_costmap/width
/move_base/local_costmap/footprint
/move_base/local_costmap/footprint_padding
/move_base/local_costmap/global_frame
/move_base/local_costmap/height
/move_base/local_costmap/inflation_layer/cost_scaling_factor
/move_base/local_costmap/inflation_layer/enabled
/move_base/local_costmap/inflation_layer/inflate_unknown
/move_base/local_costmap/inflation_layer/inflation_radius
/move_base/local_costmap/map_type
/move_base/local_costmap/max_obstacle_height
/move_base/local_costmap/obstacle_layer/bump/clearing
/move_base/local_costmap/obstacle_layer/bump/data_type
/move_base/local_costmap/obstacle_layer/bump/marking
/move_base/local_costmap/obstacle_layer/bump/max_obstacle_height
/move_base/local_costmap/obstacle_layer/bump/min_obstacle_height
/move_base/local_costmap/obstacle_layer/bump/topic
/move_base/local_costmap/obstacle_layer/combination_method
/move_base/local_costmap/obstacle_layer/enabled
/move_base/local_costmap/obstacle_layer/footprint_clearing_enabled
/move_base/local_costmap/obstacle_layer/mark_threshold
/move_base/local_costmap/obstacle_layer/max_obstacle_height
/move_base/local_costmap/obstacle_layer/observation_sources
/move_base/local_costmap/obstacle_layer/obstacle_range
/move_base/local_costmap/obstacle_layer/origin_z
/move_base/local_costmap/obstacle_layer/publish_voxel_map
/move_base/local_costmap/obstacle_layer/raytrace_range
/move_base/local_costmap/obstacle_layer/scan/clearing
/move_base/local_costmap/obstacle_layer/scan/data_type
/move_base/local_costmap/obstacle_layer/scan/marking
/move_base/local_costmap/obstacle_layer/scan/max_obstacle_height
/move_base/local_costmap/obstacle_layer/scan/min_obstacle_height
/move_base/local_costmap/obstacle_layer/scan/topic
/move_base/local_costmap/obstacle_layer/track_unknown_space
/move_base/local_costmap/obstacle_layer/unknown_threshold
/move_base/local_costmap/obstacle_layer/z_resolution
/move_base/local_costmap/obstacle_layer/z_voxels
/move_base/local_costmap/origin_x
/move_base/local_costmap/origin_y
/move_base/local_costmap/plugins
/move_base/local_costmap/publish_frequency
/move_base/local_costmap/resolution
/move_base/local_costmap/robot_base_frame
/move_base/local_costmap/robot_radius
/move_base/local_costmap/rolling_window
/move_base/local_costmap/static_layer/enabled
/move_base/local_costmap/static_map
/move_base/local_costmap/transform_tolerance
/move_base/local_costmap/update_frequency
/move_base/local_costmap/width
/move_base/max_planning_retries
/move_base/oscillation_distance
/move_base/oscillation_timeout
/move_base/planner_frequency
/move_base/planner_patience
/move_base/recovery_behavior_enabled
/move_base/restore_defaults
/move_base/shutdown_costmaps
/move_group/allow_trajectory_execution
/move_group/capabilities
/move_group/controller_list
/move_group/disable_capabilities
/move_group/jiggle_fraction
/move_group/max_range
/move_group/max_safe_path_cost
/move_group/moveit_controller_manager
/move_group/moveit_manage_controllers
/move_group/octomap_resolution
/move_group/ompl/display_random_valid_states
/move_group/ompl/link_for_exploration_tree
/move_group/ompl/maximum_waypoint_distance
/move_group/ompl/minimum_waypoint_count
/move_group/ompl/simplify_solutions
/move_group/plan_execution/max_replan_attempts
/move_group/plan_execution/record_trajectory_state_frequency
/move_group/planner_configs/BFMT/balanced
/move_group/planner_configs/BFMT/cache_cc
/move_group/planner_configs/BFMT/extended_fmt
/move_group/planner_configs/BFMT/heuristics
/move_group/planner_configs/BFMT/nearest_k
/move_group/planner_configs/BFMT/num_samples
/move_group/planner_configs/BFMT/optimality
/move_group/planner_configs/BFMT/radius_multiplier
/move_group/planner_configs/BFMT/type
/move_group/planner_configs/BKPIECE/border_fraction
/move_group/planner_configs/BKPIECE/failed_expansion_score_factor
/move_group/planner_configs/BKPIECE/min_valid_path_fraction
/move_group/planner_configs/BKPIECE/range
/move_group/planner_configs/BKPIECE/type
/move_group/planner_configs/BiEST/range
/move_group/planner_configs/BiEST/type
/move_group/planner_configs/BiTRRT/cost_threshold
/move_group/planner_configs/BiTRRT/frountier_node_ratio
/move_group/planner_configs/BiTRRT/frountier_threshold
/move_group/planner_configs/BiTRRT/init_temperature
/move_group/planner_configs/BiTRRT/range
/move_group/planner_configs/BiTRRT/temp_change_factor
/move_group/planner_configs/BiTRRT/type
/move_group/planner_configs/EST/goal_bias
/move_group/planner_configs/EST/range
/move_group/planner_configs/EST/type
/move_group/planner_configs/FMT/cache_cc
/move_group/planner_configs/FMT/extended_fmt
/move_group/planner_configs/FMT/heuristics
/move_group/planner_configs/FMT/nearest_k
/move_group/planner_configs/FMT/num_samples
/move_group/planner_configs/FMT/radius_multiplier
/move_group/planner_configs/FMT/type
/move_group/planner_configs/KPIECE/border_fraction
/move_group/planner_configs/KPIECE/failed_expansion_score_factor
/move_group/planner_configs/KPIECE/goal_bias
/move_group/planner_configs/KPIECE/min_valid_path_fraction
/move_group/planner_configs/KPIECE/range
/move_group/planner_configs/KPIECE/type
/move_group/planner_configs/LBKPIECE/border_fraction
/move_group/planner_configs/LBKPIECE/min_valid_path_fraction
/move_group/planner_configs/LBKPIECE/range
/move_group/planner_configs/LBKPIECE/type
/move_group/planner_configs/LBTRRT/epsilon
/move_group/planner_configs/LBTRRT/goal_bias
/move_group/planner_configs/LBTRRT/range
/move_group/planner_configs/LBTRRT/type
/move_group/planner_configs/LazyPRM/range
/move_group/planner_configs/LazyPRM/type
/move_group/planner_configs/LazyPRMstar/type
/move_group/planner_configs/PDST/type
/move_group/planner_configs/PRM/max_nearest_neighbors
/move_group/planner_configs/PRM/type
/move_group/planner_configs/PRMstar/type
/move_group/planner_configs/ProjEST/goal_bias
/move_group/planner_configs/ProjEST/range
/move_group/planner_configs/ProjEST/type
/move_group/planner_configs/RRT/goal_bias
/move_group/planner_configs/RRT/range
/move_group/planner_configs/RRT/type
/move_group/planner_configs/RRTConnect/range
/move_group/planner_configs/RRTConnect/type
/move_group/planner_configs/RRTstar/delay_collision_checking
/move_group/planner_configs/RRTstar/goal_bias
/move_group/planner_configs/RRTstar/range
/move_group/planner_configs/RRTstar/type
/move_group/planner_configs/SBL/range
/move_group/planner_configs/SBL/type
/move_group/planner_configs/SPARS/dense_delta_fraction
/move_group/planner_configs/SPARS/max_failures
/move_group/planner_configs/SPARS/sparse_delta_fraction
/move_group/planner_configs/SPARS/stretch_factor
/move_group/planner_configs/SPARS/type
/move_group/planner_configs/SPARStwo/dense_delta_fraction
/move_group/planner_configs/SPARStwo/max_failures
/move_group/planner_configs/SPARStwo/sparse_delta_fraction
/move_group/planner_configs/SPARStwo/stretch_factor
/move_group/planner_configs/SPARStwo/type
/move_group/planner_configs/STRIDE/degree
/move_group/planner_configs/STRIDE/estimated_dimension
/move_group/planner_configs/STRIDE/goal_bias
/move_group/planner_configs/STRIDE/max_degree
/move_group/planner_configs/STRIDE/max_pts_per_leaf
/move_group/planner_configs/STRIDE/min_degree
/move_group/planner_configs/STRIDE/min_valid_path_fraction
/move_group/planner_configs/STRIDE/range
/move_group/planner_configs/STRIDE/type
/move_group/planner_configs/STRIDE/use_projected_distance
/move_group/planner_configs/TRRT/frountierNodeRatio
/move_group/planner_configs/TRRT/frountier_threshold
/move_group/planner_configs/TRRT/goal_bias
/move_group/planner_configs/TRRT/init_temperature
/move_group/planner_configs/TRRT/k_constant
/move_group/planner_configs/TRRT/max_states_failed
/move_group/planner_configs/TRRT/min_temperature
/move_group/planner_configs/TRRT/range
/move_group/planner_configs/TRRT/temp_change_factor
/move_group/planner_configs/TRRT/type
/move_group/planning_plugin
/move_group/planning_scene_monitor/publish_geometry_updates
/move_group/planning_scene_monitor/publish_planning_scene
/move_group/planning_scene_monitor/publish_planning_scene_hz
/move_group/planning_scene_monitor/publish_state_updates
/move_group/planning_scene_monitor/publish_transforms_updates
/move_group/request_adapters
/move_group/robot1/default_planner_config
/move_group/robot1/longest_valid_segment_fraction
/move_group/robot1/planner_configs
/move_group/robot1/projection_evaluator
/move_group/robot2/default_planner_config
/move_group/robot2/longest_valid_segment_fraction
/move_group/robot2/planner_configs
/move_group/robot2/projection_evaluator
/move_group/sense_for_plan/discard_overlapping_cost_sources
/move_group/sense_for_plan/max_cost_sources
/move_group/sense_for_plan/max_look_attempts
/move_group/sense_for_plan/max_safe_path_cost
/move_group/sensors
/move_group/start_state_max_bounds_error
/move_group/trajectory_execution/allowed_execution_duration_scaling
/move_group/trajectory_execution/allowed_goal_duration_margin
/move_group/trajectory_execution/allowed_start_tolerance
/move_group/trajectory_execution/execution_duration_monitoring
/move_group/trajectory_execution/execution_velocity_scaling
/move_group/trajectory_execution/wait_for_trajectory_completion
/move_group/use_controller_manger
/navigation_velocity_smoother/accel_lim_v
/navigation_velocity_smoother/accel_lim_w
/navigation_velocity_smoother/decel_factor
/navigation_velocity_smoother/frequency
/navigation_velocity_smoother/robot_feedback
/navigation_velocity_smoother/speed_lim_v
/navigation_velocity_smoother/speed_lim_w
/robot1/r1_joint_state_controller/publish_rate
/robot1/r1_joint_state_controller/type
/robot1/robot1_controller/action_monitor_rate
/robot1/robot1_controller/constraints/goal_time
/robot1/robot1_controller/constraints/robot1_elbow_joint/goal
/robot1/robot1_controller/constraints/robot1_elbow_joint/trajectory
/robot1/robot1_controller/constraints/robot1_shoulder_lift_joint/goal
/robot1/robot1_controller/constraints/robot1_shoulder_lift_joint/trajectory
/robot1/robot1_controller/constraints/robot1_shoulder_pan_joint/goal
/robot1/robot1_controller/constraints/robot1_shoulder_pan_joint/trajectory
/robot1/robot1_controller/constraints/robot1_wrist_1_joint/goal
/robot1/robot1_controller/constraints/robot1_wrist_1_joint/trajectory
/robot1/robot1_controller/constraints/robot1_wrist_2_joint/goal
/robot1/robot1_controller/constraints/robot1_wrist_2_joint/trajectory
/robot1/robot1_controller/constraints/robot1_wrist_3_joint/goal
/robot1/robot1_controller/constraints/robot1_wrist_3_joint/trajectory
/robot1/robot1_controller/constraints/stopped_velocity_tolerance
/robot1/robot1_controller/gains/robot1_elbow_joint/antiwindup
/robot1/robot1_controller/gains/robot1_elbow_joint/d
/robot1/robot1_controller/gains/robot1_elbow_joint/i
/robot1/robot1_controller/gains/robot1_elbow_joint/i_clamp
/robot1/robot1_controller/gains/robot1_elbow_joint/i_clamp_max
/robot1/robot1_controller/gains/robot1_elbow_joint/i_clamp_min
/robot1/robot1_controller/gains/robot1_elbow_joint/p
/robot1/robot1_controller/gains/robot1_shoulder_lift_joint/antiwindup
/robot1/robot1_controller/gains/robot1_shoulder_lift_joint/d
/robot1/robot1_controller/gains/robot1_shoulder_lift_joint/i
/robot1/robot1_controller/gains/robot1_shoulder_lift_joint/i_clamp
/robot1/robot1_controller/gains/robot1_shoulder_lift_joint/i_clamp_max
/robot1/robot1_controller/gains/robot1_shoulder_lift_joint/i_clamp_min
/robot1/robot1_controller/gains/robot1_shoulder_lift_joint/p
/robot1/robot1_controller/gains/robot1_shoulder_pan_joint/antiwindup
/robot1/robot1_controller/gains/robot1_shoulder_pan_joint/d
/robot1/robot1_controller/gains/robot1_shoulder_pan_joint/i
/robot1/robot1_controller/gains/robot1_shoulder_pan_joint/i_clamp
/robot1/robot1_controller/gains/robot1_shoulder_pan_joint/i_clamp_max
/robot1/robot1_controller/gains/robot1_shoulder_pan_joint/i_clamp_min
/robot1/robot1_controller/gains/robot1_shoulder_pan_joint/p
/robot1/robot1_controller/gains/robot1_wrist_1_joint/antiwindup
/robot1/robot1_controller/gains/robot1_wrist_1_joint/d
/robot1/robot1_controller/gains/robot1_wrist_1_joint/i
/robot1/robot1_controller/gains/robot1_wrist_1_joint/i_clamp
/robot1/robot1_controller/gains/robot1_wrist_1_joint/i_clamp_max
/robot1/robot1_controller/gains/robot1_wrist_1_joint/i_clamp_min
/robot1/robot1_controller/gains/robot1_wrist_1_joint/p
/robot1/robot1_controller/gains/robot1_wrist_2_joint/antiwindup
/robot1/robot1_controller/gains/robot1_wrist_2_joint/d
/robot1/robot1_controller/gains/robot1_wrist_2_joint/i
/robot1/robot1_controller/gains/robot1_wrist_2_joint/i_clamp
/robot1/robot1_controller/gains/robot1_wrist_2_joint/i_clamp_max
/robot1/robot1_controller/gains/robot1_wrist_2_joint/i_clamp_min
/robot1/robot1_controller/gains/robot1_wrist_2_joint/p
/robot1/robot1_controller/gains/robot1_wrist_3_joint/antiwindup
/robot1/robot1_controller/gains/robot1_wrist_3_joint/d
/robot1/robot1_controller/gains/robot1_wrist_3_joint/i
/robot1/robot1_controller/gains/robot1_wrist_3_joint/i_clamp
/robot1/robot1_controller/gains/robot1_wrist_3_joint/i_clamp_max
/robot1/robot1_controller/gains/robot1_wrist_3_joint/i_clamp_min
/robot1/robot1_controller/gains/robot1_wrist_3_joint/p
/robot1/robot1_controller/joints
/robot1/robot1_controller/state_publish_rate
/robot1/robot1_controller/stop_trajectory_duration
/robot1/robot1_controller/type
/robot1/robot1_description
/robot1/tf_prefix
/robot1_pedestal_description
/robot2/r2_joint_state_controller/publish_rate
/robot2/r2_joint_state_controller/type
/robot2/robot2_controller/action_monitor_rate
/robot2/robot2_controller/constraints/goal_time
/robot2/robot2_controller/constraints/robot2_elbow_joint/goal
/robot2/robot2_controller/constraints/robot2_elbow_joint/trajectory
/robot2/robot2_controller/constraints/robot2_shoulder_lift_joint/goal
/robot2/robot2_controller/constraints/robot2_shoulder_lift_joint/trajectory
/robot2/robot2_controller/constraints/robot2_shoulder_pan_joint/goal
/robot2/robot2_controller/constraints/robot2_shoulder_pan_joint/trajectory
/robot2/robot2_controller/constraints/robot2_wrist_1_joint/goal
/robot2/robot2_controller/constraints/robot2_wrist_1_joint/trajectory
/robot2/robot2_controller/constraints/robot2_wrist_2_joint/goal
/robot2/robot2_controller/constraints/robot2_wrist_2_joint/trajectory
/robot2/robot2_controller/constraints/robot2_wrist_3_joint/goal
/robot2/robot2_controller/constraints/robot2_wrist_3_joint/trajectory
/robot2/robot2_controller/constraints/stopped_velocity_tolerance
/robot2/robot2_controller/gains/robot2_elbow_joint/antiwindup
/robot2/robot2_controller/gains/robot2_elbow_joint/d
/robot2/robot2_controller/gains/robot2_elbow_joint/i
/robot2/robot2_controller/gains/robot2_elbow_joint/i_clamp
/robot2/robot2_controller/gains/robot2_elbow_joint/i_clamp_max
/robot2/robot2_controller/gains/robot2_elbow_joint/i_clamp_min
/robot2/robot2_controller/gains/robot2_elbow_joint/p
/robot2/robot2_controller/gains/robot2_shoulder_lift_joint/antiwindup
/robot2/robot2_controller/gains/robot2_shoulder_lift_joint/d
/robot2/robot2_controller/gains/robot2_shoulder_lift_joint/i
/robot2/robot2_controller/gains/robot2_shoulder_lift_joint/i_clamp
/robot2/robot2_controller/gains/robot2_shoulder_lift_joint/i_clamp_max
/robot2/robot2_controller/gains/robot2_shoulder_lift_joint/i_clamp_min
/robot2/robot2_controller/gains/robot2_shoulder_lift_joint/p
/robot2/robot2_controller/gains/robot2_shoulder_pan_joint/antiwindup
/robot2/robot2_controller/gains/robot2_shoulder_pan_joint/d
/robot2/robot2_controller/gains/robot2_shoulder_pan_joint/i
/robot2/robot2_controller/gains/robot2_shoulder_pan_joint/i_clamp
/robot2/robot2_controller/gains/robot2_shoulder_pan_joint/i_clamp_max
/robot2/robot2_controller/gains/robot2_shoulder_pan_joint/i_clamp_min
/robot2/robot2_controller/gains/robot2_shoulder_pan_joint/p
/robot2/robot2_controller/gains/robot2_wrist_1_joint/antiwindup
/robot2/robot2_controller/gains/robot2_wrist_1_joint/d
/robot2/robot2_controller/gains/robot2_wrist_1_joint/i
/robot2/robot2_controller/gains/robot2_wrist_1_joint/i_clamp
/robot2/robot2_controller/gains/robot2_wrist_1_joint/i_clamp_max
/robot2/robot2_controller/gains/robot2_wrist_1_joint/i_clamp_min
/robot2/robot2_controller/gains/robot2_wrist_1_joint/p
/robot2/robot2_controller/gains/robot2_wrist_2_joint/antiwindup
/robot2/robot2_controller/gains/robot2_wrist_2_joint/d
/robot2/robot2_controller/gains/robot2_wrist_2_joint/i
/robot2/robot2_controller/gains/robot2_wrist_2_joint/i_clamp
/robot2/robot2_controller/gains/robot2_wrist_2_joint/i_clamp_max
/robot2/robot2_controller/gains/robot2_wrist_2_joint/i_clamp_min
/robot2/robot2_controller/gains/robot2_wrist_2_joint/p
/robot2/robot2_controller/gains/robot2_wrist_3_joint/antiwindup
/robot2/robot2_controller/gains/robot2_wrist_3_joint/d
/robot2/robot2_controller/gains/robot2_wrist_3_joint/i
/robot2/robot2_controller/gains/robot2_wrist_3_joint/i_clamp
/robot2/robot2_controller/gains/robot2_wrist_3_joint/i_clamp_max
/robot2/robot2_controller/gains/robot2_wrist_3_joint/i_clamp_min
/robot2/robot2_controller/gains/robot2_wrist_3_joint/p
/robot2/robot2_controller/joints
/robot2/robot2_controller/state_publish_rate
/robot2/robot2_controller/stop_trajectory_duration
/robot2/robot2_controller/type
/robot2/robot2_description
/robot2/tf_prefix
/robot2_pedestal_description
/robot_description
/robot_description_kinematics/robot1/kinematics_solver
/robot_description_kinematics/robot1/kinematics_solver_attempts
/robot_description_kinematics/robot1/kinematics_solver_search_resolution
/robot_description_kinematics/robot1/kinematics_solver_timeout
/robot_description_kinematics/robot2/kinematics_solver
/robot_description_kinematics/robot2/kinematics_solver_attempts
/robot_description_kinematics/robot2/kinematics_solver_search_resolution
/robot_description_kinematics/robot2/kinematics_solver_timeout
/robot_description_planning/joint_limits/robot1_elbow_joint/has_acceleration_limits
/robot_description_planning/joint_limits/robot1_elbow_joint/has_velocity_limits
/robot_description_planning/joint_limits/robot1_elbow_joint/max_acceleration
/robot_description_planning/joint_limits/robot1_elbow_joint/max_velocity
/robot_description_planning/joint_limits/robot1_shoulder_lift_joint/has_acceleration_limits
/robot_description_planning/joint_limits/robot1_shoulder_lift_joint/has_velocity_limits
/robot_description_planning/joint_limits/robot1_shoulder_lift_joint/max_acceleration
/robot_description_planning/joint_limits/robot1_shoulder_lift_joint/max_velocity
/robot_description_planning/joint_limits/robot1_shoulder_pan_joint/has_acceleration_limits
/robot_description_planning/joint_limits/robot1_shoulder_pan_joint/has_velocity_limits
/robot_description_planning/joint_limits/robot1_shoulder_pan_joint/max_acceleration
/robot_description_planning/joint_limits/robot1_shoulder_pan_joint/max_velocity
/robot_description_planning/joint_limits/robot1_wrist_1_joint/has_acceleration_limits
/robot_description_planning/joint_limits/robot1_wrist_1_joint/has_velocity_limits
/robot_description_planning/joint_limits/robot1_wrist_1_joint/max_acceleration
/robot_description_planning/joint_limits/robot1_wrist_1_joint/max_velocity
/robot_description_planning/joint_limits/robot1_wrist_2_joint/has_acceleration_limits
/robot_description_planning/joint_limits/robot1_wrist_2_joint/has_velocity_limits
/robot_description_planning/joint_limits/robot1_wrist_2_joint/max_acceleration
/robot_description_planning/joint_limits/robot1_wrist_2_joint/max_velocity
/robot_description_planning/joint_limits/robot1_wrist_3_joint/has_acceleration_limits
/robot_description_planning/joint_limits/robot1_wrist_3_joint/has_velocity_limits
/robot_description_planning/joint_limits/robot1_wrist_3_joint/max_acceleration
/robot_description_planning/joint_limits/robot1_wrist_3_joint/max_velocity
/robot_description_planning/joint_limits/robot2_elbow_joint/has_acceleration_limits
/robot_description_planning/joint_limits/robot2_elbow_joint/has_velocity_limits
/robot_description_planning/joint_limits/robot2_elbow_joint/max_acceleration
/robot_description_planning/joint_limits/robot2_elbow_joint/max_velocity
/robot_description_planning/joint_limits/robot2_shoulder_lift_joint/has_acceleration_limits
/robot_description_planning/joint_limits/robot2_shoulder_lift_joint/has_velocity_limits
/robot_description_planning/joint_limits/robot2_shoulder_lift_joint/max_acceleration
/robot_description_planning/joint_limits/robot2_shoulder_lift_joint/max_velocity
/robot_description_planning/joint_limits/robot2_shoulder_pan_joint/has_acceleration_limits
/robot_description_planning/joint_limits/robot2_shoulder_pan_joint/has_velocity_limits
/robot_description_planning/joint_limits/robot2_shoulder_pan_joint/max_acceleration
/robot_description_planning/joint_limits/robot2_shoulder_pan_joint/max_velocity
/robot_description_planning/joint_limits/robot2_wrist_1_joint/has_acceleration_limits
/robot_description_planning/joint_limits/robot2_wrist_1_joint/has_velocity_limits
/robot_description_planning/joint_limits/robot2_wrist_1_joint/max_acceleration
/robot_description_planning/joint_limits/robot2_wrist_1_joint/max_velocity
/robot_description_planning/joint_limits/robot2_wrist_2_joint/has_acceleration_limits
/robot_description_planning/joint_limits/robot2_wrist_2_joint/has_velocity_limits
/robot_description_planning/joint_limits/robot2_wrist_2_joint/max_acceleration
/robot_description_planning/joint_limits/robot2_wrist_2_joint/max_velocity
/robot_description_planning/joint_limits/robot2_wrist_3_joint/has_acceleration_limits
/robot_description_planning/joint_limits/robot2_wrist_3_joint/has_velocity_limits
/robot_description_planning/joint_limits/robot2_wrist_3_joint/max_acceleration
/robot_description_planning/joint_limits/robot2_wrist_3_joint/max_velocity
/robot_description_semantic
/robots_state_publisher/publish_frequency
/rosdistro
/roslaunch/uris/host_elyano__33069
/roslaunch/uris/host_elyano__33139
/roslaunch/uris/host_elyano__33173
/roslaunch/uris/host_elyano__33223
/roslaunch/uris/host_elyano__33249
/roslaunch/uris/host_elyano__33279
/roslaunch/uris/host_elyano__33563
/roslaunch/uris/host_elyano__33635
/roslaunch/uris/host_elyano__33715
/roslaunch/uris/host_elyano__33971
/roslaunch/uris/host_elyano__34285
/roslaunch/uris/host_elyano__34453
/roslaunch/uris/host_elyano__34475
/roslaunch/uris/host_elyano__34755
/roslaunch/uris/host_elyano__35435
/roslaunch/uris/host_elyano__35459
/roslaunch/uris/host_elyano__35611
/roslaunch/uris/host_elyano__35783
/roslaunch/uris/host_elyano__36033
/roslaunch/uris/host_elyano__36129
/roslaunch/uris/host_elyano__36131
/roslaunch/uris/host_elyano__36231
/roslaunch/uris/host_elyano__36533
/roslaunch/uris/host_elyano__36663
/roslaunch/uris/host_elyano__36765
/roslaunch/uris/host_elyano__36831
/roslaunch/uris/host_elyano__36949
/roslaunch/uris/host_elyano__36983
/roslaunch/uris/host_elyano__37445
/roslaunch/uris/host_elyano__37565
/roslaunch/uris/host_elyano__37689
/roslaunch/uris/host_elyano__37695
/roslaunch/uris/host_elyano__37737
/roslaunch/uris/host_elyano__37837
/roslaunch/uris/host_elyano__37893
/roslaunch/uris/host_elyano__38023
/roslaunch/uris/host_elyano__38257
/roslaunch/uris/host_elyano__38267
/roslaunch/uris/host_elyano__38531
/roslaunch/uris/host_elyano__38889
/roslaunch/uris/host_elyano__39035
/roslaunch/uris/host_elyano__39107
/roslaunch/uris/host_elyano__39129
/roslaunch/uris/host_elyano__39505
/roslaunch/uris/host_elyano__39603
/roslaunch/uris/host_elyano__39635
/roslaunch/uris/host_elyano__39913
/roslaunch/uris/host_elyano__40041
/roslaunch/uris/host_elyano__40147
/roslaunch/uris/host_elyano__40207
/roslaunch/uris/host_elyano__40767
/roslaunch/uris/host_elyano__40941
/roslaunch/uris/host_elyano__41003
/roslaunch/uris/host_elyano__41069
/roslaunch/uris/host_elyano__41561
/roslaunch/uris/host_elyano__41623
/roslaunch/uris/host_elyano__41825
/roslaunch/uris/host_elyano__42293
/roslaunch/uris/host_elyano__42793
/roslaunch/uris/host_elyano__42875
/roslaunch/uris/host_elyano__42965
/roslaunch/uris/host_elyano__43273
/roslaunch/uris/host_elyano__43435
/roslaunch/uris/host_elyano__43451
/roslaunch/uris/host_elyano__43615
/roslaunch/uris/host_elyano__43927
/roslaunch/uris/host_elyano__44449
/roslaunch/uris/host_elyano__44487
/roslaunch/uris/host_elyano__44525
/roslaunch/uris/host_elyano__44619
/roslaunch/uris/host_elyano__44793
/roslaunch/uris/host_elyano__44955
/roslaunch/uris/host_elyano__45059
/roslaunch/uris/host_elyano__45085
/roslaunch/uris/host_elyano__45227
/roslaunch/uris/host_elyano__45375
/roslaunch/uris/host_elyano__45529
/roslaunch/uris/host_elyano__45555
/roslaunch/uris/host_elyano__45721
/roslaunch/uris/host_elyano__46141
/roslaunch/uris/host_elyano__46495
/roslaunch/uris/host_elyano__46547
/roslaunch/uris/host_elyano__46569
/roslaunch/uris/host_elyano__46607
/roslaunch/uris/host_elyano__46751
/roslaunch/uris/host_elyano__46855
/rosversion
/run_id
/rviz_elyano_30974_9033634719454761153/robot1/kinematics_solver
/rviz_elyano_30974_9033634719454761153/robot1/kinematics_solver_attempts
/rviz_elyano_30974_9033634719454761153/robot1/kinematics_solver_search_resolution
/rviz_elyano_30974_9033634719454761153/robot1/kinematics_solver_timeout
/rviz_elyano_30974_9033634719454761153/robot2/kinematics_solver
/rviz_elyano_30974_9033634719454761153/robot2/kinematics_solver_attempts
/rviz_elyano_30974_9033634719454761153/robot2/kinematics_solver_search_resolution
/rviz_elyano_30974_9033634719454761153/robot2/kinematics_solver_timeout
/rviz_elyano_4198_6705497353443420464/motionplanning_planning_scene_monitor/publish_geometry_updates
/rviz_elyano_4198_6705497353443420464/motionplanning_planning_scene_monitor/publish_planning_scene
/rviz_elyano_4198_6705497353443420464/motionplanning_planning_scene_monitor/publish_planning_scene_hz
/rviz_elyano_4198_6705497353443420464/motionplanning_planning_scene_monitor/publish_state_updates
/rviz_elyano_4198_6705497353443420464/motionplanning_planning_scene_monitor/publish_transforms_updates
/rviz_elyano_4198_6705497353443420464/planningscene_planning_scene_monitor/publish_geometry_updates
/rviz_elyano_4198_6705497353443420464/planningscene_planning_scene_monitor/publish_planning_scene
/rviz_elyano_4198_6705497353443420464/planningscene_planning_scene_monitor/publish_planning_scene_hz
/rviz_elyano_4198_6705497353443420464/planningscene_planning_scene_monitor/publish_state_updates
/rviz_elyano_4198_6705497353443420464/planningscene_planning_scene_monitor/publish_transforms_updates
/rviz_elyano_4198_6705497353443420464/robot1/kinematics_solver
/rviz_elyano_4198_6705497353443420464/robot1/kinematics_solver_search_resolution
/rviz_elyano_4198_6705497353443420464/robot1/kinematics_solver_timeout
/rviz_elyano_4198_6705497353443420464/robot2/kinematics_solver
/rviz_elyano_4198_6705497353443420464/robot2/kinematics_solver_search_resolution
/rviz_elyano_4198_6705497353443420464/robot2/kinematics_solver_timeout
/turtlebot_description
/turtlebot_state_publisher/publish_frequency
/use_sim_time
/workcell_description
